<?xml version="1.0" encoding="UTF-8"?>
<testsuite xmlns:xsi="http://www.w3.org/2001/XMLSchema-instance" xsi:noNamespaceSchemaLocation="https://maven.apache.org/surefire/maven-surefire-plugin/xsd/surefire-test-report.xsd" name="com.shanghai.modules.MySpringBootApplicationTests" time="0.246" tests="1" errors="1" skipped="0" failures="0">
  <properties>
    <property name="sun.desktop" value="windows"/>
    <property name="awt.toolkit" value="sun.awt.windows.WToolkit"/>
    <property name="file.encoding.pkg" value="sun.io"/>
    <property name="java.specification.version" value="1.8"/>
    <property name="sun.cpu.isalist" value="amd64"/>
    <property name="sun.jnu.encoding" value="GBK"/>
    <property name="java.class.path" value="C:\me\SMRRS\SpringBoot-Mysql-Redis-RabbitMQ-Shiro\MySpringBoot\target\test-classes;C:\me\SMRRS\SpringBoot-Mysql-Redis-RabbitMQ-Shiro\MySpringBoot\target\classes;C:\apache-maven-3.6.0-bin\apache-maven-3.6.0\repo\org\springframework\boot\spring-boot-starter-web\2.0.1.RELEASE\spring-boot-starter-web-2.0.1.RELEASE.jar;C:\apache-maven-3.6.0-bin\apache-maven-3.6.0\repo\org\springframework\boot\spring-boot-starter\2.0.1.RELEASE\spring-boot-starter-2.0.1.RELEASE.jar;C:\apache-maven-3.6.0-bin\apache-maven-3.6.0\repo\org\springframework\boot\spring-boot-starter-logging\2.0.1.RELEASE\spring-boot-starter-logging-2.0.1.RELEASE.jar;C:\apache-maven-3.6.0-bin\apache-maven-3.6.0\repo\ch\qos\logback\logback-classic\1.2.3\logback-classic-1.2.3.jar;C:\apache-maven-3.6.0-bin\apache-maven-3.6.0\repo\ch\qos\logback\logback-core\1.2.3\logback-core-1.2.3.jar;C:\apache-maven-3.6.0-bin\apache-maven-3.6.0\repo\org\apache\logging\log4j\log4j-to-slf4j\2.10.0\log4j-to-slf4j-2.10.0.jar;C:\apache-maven-3.6.0-bin\apache-maven-3.6.0\repo\org\apache\logging\log4j\log4j-api\2.10.0\log4j-api-2.10.0.jar;C:\apache-maven-3.6.0-bin\apache-maven-3.6.0\repo\org\slf4j\jul-to-slf4j\1.7.25\jul-to-slf4j-1.7.25.jar;C:\apache-maven-3.6.0-bin\apache-maven-3.6.0\repo\javax\annotation\javax.annotation-api\1.3.2\javax.annotation-api-1.3.2.jar;C:\apache-maven-3.6.0-bin\apache-maven-3.6.0\repo\org\yaml\snakeyaml\1.19\snakeyaml-1.19.jar;C:\apache-maven-3.6.0-bin\apache-maven-3.6.0\repo\org\springframework\boot\spring-boot-starter-json\2.0.1.RELEASE\spring-boot-starter-json-2.0.1.RELEASE.jar;C:\apache-maven-3.6.0-bin\apache-maven-3.6.0\repo\com\fasterxml\jackson\core\jackson-databind\2.9.5\jackson-databind-2.9.5.jar;C:\apache-maven-3.6.0-bin\apache-maven-3.6.0\repo\com\fasterxml\jackson\core\jackson-annotations\2.9.0\jackson-annotations-2.9.0.jar;C:\apache-maven-3.6.0-bin\apache-maven-3.6.0\repo\com\fasterxml\jackson\core\jackson-core\2.9.5\jackson-core-2.9.5.jar;C:\apache-maven-3.6.0-bin\apache-maven-3.6.0\repo\com\fasterxml\jackson\datatype\jackson-datatype-jdk8\2.9.5\jackson-datatype-jdk8-2.9.5.jar;C:\apache-maven-3.6.0-bin\apache-maven-3.6.0\repo\com\fasterxml\jackson\datatype\jackson-datatype-jsr310\2.9.5\jackson-datatype-jsr310-2.9.5.jar;C:\apache-maven-3.6.0-bin\apache-maven-3.6.0\repo\com\fasterxml\jackson\module\jackson-module-parameter-names\2.9.5\jackson-module-parameter-names-2.9.5.jar;C:\apache-maven-3.6.0-bin\apache-maven-3.6.0\repo\org\springframework\boot\spring-boot-starter-tomcat\2.0.1.RELEASE\spring-boot-starter-tomcat-2.0.1.RELEASE.jar;C:\apache-maven-3.6.0-bin\apache-maven-3.6.0\repo\org\apache\tomcat\embed\tomcat-embed-core\8.5.29\tomcat-embed-core-8.5.29.jar;C:\apache-maven-3.6.0-bin\apache-maven-3.6.0\repo\org\apache\tomcat\embed\tomcat-embed-websocket\8.5.29\tomcat-embed-websocket-8.5.29.jar;C:\apache-maven-3.6.0-bin\apache-maven-3.6.0\repo\org\hibernate\validator\hibernate-validator\6.0.9.Final\hibernate-validator-6.0.9.Final.jar;C:\apache-maven-3.6.0-bin\apache-maven-3.6.0\repo\javax\validation\validation-api\2.0.1.Final\validation-api-2.0.1.Final.jar;C:\apache-maven-3.6.0-bin\apache-maven-3.6.0\repo\org\jboss\logging\jboss-logging\3.3.2.Final\jboss-logging-3.3.2.Final.jar;C:\apache-maven-3.6.0-bin\apache-maven-3.6.0\repo\com\fasterxml\classmate\1.3.4\classmate-1.3.4.jar;C:\apache-maven-3.6.0-bin\apache-maven-3.6.0\repo\org\springframework\spring-web\5.0.5.RELEASE\spring-web-5.0.5.RELEASE.jar;C:\apache-maven-3.6.0-bin\apache-maven-3.6.0\repo\org\springframework\spring-beans\5.0.5.RELEASE\spring-beans-5.0.5.RELEASE.jar;C:\apache-maven-3.6.0-bin\apache-maven-3.6.0\repo\org\springframework\spring-webmvc\5.0.5.RELEASE\spring-webmvc-5.0.5.RELEASE.jar;C:\apache-maven-3.6.0-bin\apache-maven-3.6.0\repo\org\springframework\spring-context\5.0.5.RELEASE\spring-context-5.0.5.RELEASE.jar;C:\apache-maven-3.6.0-bin\apache-maven-3.6.0\repo\org\springframework\spring-expression\5.0.5.RELEASE\spring-expression-5.0.5.RELEASE.jar;C:\apache-maven-3.6.0-bin\apache-maven-3.6.0\repo\org\springframework\boot\spring-boot-starter-test\2.0.1.RELEASE\spring-boot-starter-test-2.0.1.RELEASE.jar;C:\apache-maven-3.6.0-bin\apache-maven-3.6.0\repo\org\springframework\boot\spring-boot-test\2.0.1.RELEASE\spring-boot-test-2.0.1.RELEASE.jar;C:\apache-maven-3.6.0-bin\apache-maven-3.6.0\repo\org\springframework\boot\spring-boot-test-autoconfigure\2.0.1.RELEASE\spring-boot-test-autoconfigure-2.0.1.RELEASE.jar;C:\apache-maven-3.6.0-bin\apache-maven-3.6.0\repo\com\jayway\jsonpath\json-path\2.4.0\json-path-2.4.0.jar;C:\apache-maven-3.6.0-bin\apache-maven-3.6.0\repo\net\minidev\json-smart\2.3\json-smart-2.3.jar;C:\apache-maven-3.6.0-bin\apache-maven-3.6.0\repo\net\minidev\accessors-smart\1.2\accessors-smart-1.2.jar;C:\apache-maven-3.6.0-bin\apache-maven-3.6.0\repo\org\ow2\asm\asm\5.0.4\asm-5.0.4.jar;C:\apache-maven-3.6.0-bin\apache-maven-3.6.0\repo\org\slf4j\slf4j-api\1.7.25\slf4j-api-1.7.25.jar;C:\apache-maven-3.6.0-bin\apache-maven-3.6.0\repo\junit\junit\4.12\junit-4.12.jar;C:\apache-maven-3.6.0-bin\apache-maven-3.6.0\repo\org\assertj\assertj-core\3.9.1\assertj-core-3.9.1.jar;C:\apache-maven-3.6.0-bin\apache-maven-3.6.0\repo\org\mockito\mockito-core\2.15.0\mockito-core-2.15.0.jar;C:\apache-maven-3.6.0-bin\apache-maven-3.6.0\repo\net\bytebuddy\byte-buddy\1.7.11\byte-buddy-1.7.11.jar;C:\apache-maven-3.6.0-bin\apache-maven-3.6.0\repo\net\bytebuddy\byte-buddy-agent\1.7.11\byte-buddy-agent-1.7.11.jar;C:\apache-maven-3.6.0-bin\apache-maven-3.6.0\repo\org\objenesis\objenesis\2.6\objenesis-2.6.jar;C:\apache-maven-3.6.0-bin\apache-maven-3.6.0\repo\org\hamcrest\hamcrest-core\1.3\hamcrest-core-1.3.jar;C:\apache-maven-3.6.0-bin\apache-maven-3.6.0\repo\org\hamcrest\hamcrest-library\1.3\hamcrest-library-1.3.jar;C:\apache-maven-3.6.0-bin\apache-maven-3.6.0\repo\org\skyscreamer\jsonassert\1.5.0\jsonassert-1.5.0.jar;C:\apache-maven-3.6.0-bin\apache-maven-3.6.0\repo\com\vaadin\external\google\android-json\0.0.20131108.vaadin1\android-json-0.0.20131108.vaadin1.jar;C:\apache-maven-3.6.0-bin\apache-maven-3.6.0\repo\org\springframework\spring-core\5.0.5.RELEASE\spring-core-5.0.5.RELEASE.jar;C:\apache-maven-3.6.0-bin\apache-maven-3.6.0\repo\org\springframework\spring-jcl\5.0.5.RELEASE\spring-jcl-5.0.5.RELEASE.jar;C:\apache-maven-3.6.0-bin\apache-maven-3.6.0\repo\org\springframework\spring-test\5.0.5.RELEASE\spring-test-5.0.5.RELEASE.jar;C:\apache-maven-3.6.0-bin\apache-maven-3.6.0\repo\org\xmlunit\xmlunit-core\2.5.1\xmlunit-core-2.5.1.jar;C:\apache-maven-3.6.0-bin\apache-maven-3.6.0\repo\org\springframework\boot\spring-boot-devtools\2.0.1.RELEASE\spring-boot-devtools-2.0.1.RELEASE.jar;C:\apache-maven-3.6.0-bin\apache-maven-3.6.0\repo\org\springframework\boot\spring-boot\2.0.1.RELEASE\spring-boot-2.0.1.RELEASE.jar;C:\apache-maven-3.6.0-bin\apache-maven-3.6.0\repo\org\springframework\boot\spring-boot-autoconfigure\2.0.1.RELEASE\spring-boot-autoconfigure-2.0.1.RELEASE.jar;C:\apache-maven-3.6.0-bin\apache-maven-3.6.0\repo\org\springframework\boot\spring-boot-starter-freemarker\2.0.1.RELEASE\spring-boot-starter-freemarker-2.0.1.RELEASE.jar;C:\apache-maven-3.6.0-bin\apache-maven-3.6.0\repo\org\freemarker\freemarker\2.3.28\freemarker-2.3.28.jar;C:\apache-maven-3.6.0-bin\apache-maven-3.6.0\repo\org\springframework\spring-context-support\5.0.5.RELEASE\spring-context-support-5.0.5.RELEASE.jar;C:\apache-maven-3.6.0-bin\apache-maven-3.6.0\repo\org\webjars\jquery\3.3.1-1\jquery-3.3.1-1.jar;C:\apache-maven-3.6.0-bin\apache-maven-3.6.0\repo\org\mybatis\spring\boot\mybatis-spring-boot-starter\1.3.2\mybatis-spring-boot-starter-1.3.2.jar;C:\apache-maven-3.6.0-bin\apache-maven-3.6.0\repo\org\springframework\boot\spring-boot-starter-jdbc\2.0.1.RELEASE\spring-boot-starter-jdbc-2.0.1.RELEASE.jar;C:\apache-maven-3.6.0-bin\apache-maven-3.6.0\repo\com\zaxxer\HikariCP\2.7.8\HikariCP-2.7.8.jar;C:\apache-maven-3.6.0-bin\apache-maven-3.6.0\repo\org\springframework\spring-jdbc\5.0.5.RELEASE\spring-jdbc-5.0.5.RELEASE.jar;C:\apache-maven-3.6.0-bin\apache-maven-3.6.0\repo\org\mybatis\spring\boot\mybatis-spring-boot-autoconfigure\1.3.2\mybatis-spring-boot-autoconfigure-1.3.2.jar;C:\apache-maven-3.6.0-bin\apache-maven-3.6.0\repo\org\mybatis\mybatis\3.4.6\mybatis-3.4.6.jar;C:\apache-maven-3.6.0-bin\apache-maven-3.6.0\repo\org\mybatis\mybatis-spring\1.3.2\mybatis-spring-1.3.2.jar;C:\apache-maven-3.6.0-bin\apache-maven-3.6.0\repo\com\alibaba\druid\1.1.9\druid-1.1.9.jar;C:\apache-maven-3.6.0-bin\apache-maven-3.6.0\repo\log4j\log4j\1.2.17\log4j-1.2.17.jar;C:\apache-maven-3.6.0-bin\apache-maven-3.6.0\repo\mysql\mysql-connector-java\5.1.46\mysql-connector-java-5.1.46.jar;C:\apache-maven-3.6.0-bin\apache-maven-3.6.0\repo\org\springframework\boot\spring-boot-starter-aop\2.0.1.RELEASE\spring-boot-starter-aop-2.0.1.RELEASE.jar;C:\apache-maven-3.6.0-bin\apache-maven-3.6.0\repo\org\springframework\spring-aop\5.0.5.RELEASE\spring-aop-5.0.5.RELEASE.jar;C:\apache-maven-3.6.0-bin\apache-maven-3.6.0\repo\org\aspectj\aspectjweaver\1.8.13\aspectjweaver-1.8.13.jar;C:\apache-maven-3.6.0-bin\apache-maven-3.6.0\repo\org\springframework\boot\spring-boot-configuration-processor\2.0.1.RELEASE\spring-boot-configuration-processor-2.0.1.RELEASE.jar;C:\apache-maven-3.6.0-bin\apache-maven-3.6.0\repo\com\github\pagehelper\pagehelper-spring-boot-starter\1.2.5\pagehelper-spring-boot-starter-1.2.5.jar;C:\apache-maven-3.6.0-bin\apache-maven-3.6.0\repo\com\github\pagehelper\pagehelper-spring-boot-autoconfigure\1.2.5\pagehelper-spring-boot-autoconfigure-1.2.5.jar;C:\apache-maven-3.6.0-bin\apache-maven-3.6.0\repo\com\github\pagehelper\pagehelper\5.1.4\pagehelper-5.1.4.jar;C:\apache-maven-3.6.0-bin\apache-maven-3.6.0\repo\com\github\jsqlparser\jsqlparser\1.0\jsqlparser-1.0.jar;C:\apache-maven-3.6.0-bin\apache-maven-3.6.0\repo\redis\clients\jedis\2.9.0\jedis-2.9.0.jar;C:\apache-maven-3.6.0-bin\apache-maven-3.6.0\repo\org\apache\commons\commons-pool2\2.5.0\commons-pool2-2.5.0.jar;C:\apache-maven-3.6.0-bin\apache-maven-3.6.0\repo\org\springframework\boot\spring-boot-starter-data-redis\2.0.1.RELEASE\spring-boot-starter-data-redis-2.0.1.RELEASE.jar;C:\apache-maven-3.6.0-bin\apache-maven-3.6.0\repo\org\springframework\data\spring-data-redis\2.0.6.RELEASE\spring-data-redis-2.0.6.RELEASE.jar;C:\apache-maven-3.6.0-bin\apache-maven-3.6.0\repo\org\springframework\data\spring-data-keyvalue\2.0.6.RELEASE\spring-data-keyvalue-2.0.6.RELEASE.jar;C:\apache-maven-3.6.0-bin\apache-maven-3.6.0\repo\org\springframework\data\spring-data-commons\2.0.6.RELEASE\spring-data-commons-2.0.6.RELEASE.jar;C:\apache-maven-3.6.0-bin\apache-maven-3.6.0\repo\org\springframework\spring-tx\5.0.5.RELEASE\spring-tx-5.0.5.RELEASE.jar;C:\apache-maven-3.6.0-bin\apache-maven-3.6.0\repo\org\springframework\spring-oxm\5.0.5.RELEASE\spring-oxm-5.0.5.RELEASE.jar;C:\apache-maven-3.6.0-bin\apache-maven-3.6.0\repo\io\lettuce\lettuce-core\5.0.3.RELEASE\lettuce-core-5.0.3.RELEASE.jar;C:\apache-maven-3.6.0-bin\apache-maven-3.6.0\repo\io\projectreactor\reactor-core\3.1.6.RELEASE\reactor-core-3.1.6.RELEASE.jar;C:\apache-maven-3.6.0-bin\apache-maven-3.6.0\repo\org\reactivestreams\reactive-streams\1.0.2\reactive-streams-1.0.2.jar;C:\apache-maven-3.6.0-bin\apache-maven-3.6.0\repo\io\netty\netty-common\4.1.23.Final\netty-common-4.1.23.Final.jar;C:\apache-maven-3.6.0-bin\apache-maven-3.6.0\repo\io\netty\netty-transport\4.1.23.Final\netty-transport-4.1.23.Final.jar;C:\apache-maven-3.6.0-bin\apache-maven-3.6.0\repo\io\netty\netty-buffer\4.1.23.Final\netty-buffer-4.1.23.Final.jar;C:\apache-maven-3.6.0-bin\apache-maven-3.6.0\repo\io\netty\netty-resolver\4.1.23.Final\netty-resolver-4.1.23.Final.jar;C:\apache-maven-3.6.0-bin\apache-maven-3.6.0\repo\io\netty\netty-handler\4.1.23.Final\netty-handler-4.1.23.Final.jar;C:\apache-maven-3.6.0-bin\apache-maven-3.6.0\repo\io\netty\netty-codec\4.1.23.Final\netty-codec-4.1.23.Final.jar;C:\apache-maven-3.6.0-bin\apache-maven-3.6.0\repo\com\alibaba\fastjson\1.2.47\fastjson-1.2.47.jar;C:\apache-maven-3.6.0-bin\apache-maven-3.6.0\repo\org\springframework\boot\spring-boot-starter-validation\2.0.1.RELEASE\spring-boot-starter-validation-2.0.1.RELEASE.jar;C:\apache-maven-3.6.0-bin\apache-maven-3.6.0\repo\org\apache\tomcat\embed\tomcat-embed-el\8.5.29\tomcat-embed-el-8.5.29.jar;C:\apache-maven-3.6.0-bin\apache-maven-3.6.0\repo\org\apache\commons\commons-lang3\3.7\commons-lang3-3.7.jar;C:\apache-maven-3.6.0-bin\apache-maven-3.6.0\repo\org\apache\shiro\shiro-spring\1.4.0\shiro-spring-1.4.0.jar;C:\apache-maven-3.6.0-bin\apache-maven-3.6.0\repo\org\apache\shiro\shiro-core\1.4.0\shiro-core-1.4.0.jar;C:\apache-maven-3.6.0-bin\apache-maven-3.6.0\repo\org\apache\shiro\shiro-lang\1.4.0\shiro-lang-1.4.0.jar;C:\apache-maven-3.6.0-bin\apache-maven-3.6.0\repo\org\apache\shiro\shiro-cache\1.4.0\shiro-cache-1.4.0.jar;C:\apache-maven-3.6.0-bin\apache-maven-3.6.0\repo\org\apache\shiro\shiro-crypto-hash\1.4.0\shiro-crypto-hash-1.4.0.jar;C:\apache-maven-3.6.0-bin\apache-maven-3.6.0\repo\org\apache\shiro\shiro-crypto-core\1.4.0\shiro-crypto-core-1.4.0.jar;C:\apache-maven-3.6.0-bin\apache-maven-3.6.0\repo\org\apache\shiro\shiro-crypto-cipher\1.4.0\shiro-crypto-cipher-1.4.0.jar;C:\apache-maven-3.6.0-bin\apache-maven-3.6.0\repo\org\apache\shiro\shiro-config-core\1.4.0\shiro-config-core-1.4.0.jar;C:\apache-maven-3.6.0-bin\apache-maven-3.6.0\repo\org\apache\shiro\shiro-config-ogdl\1.4.0\shiro-config-ogdl-1.4.0.jar;C:\apache-maven-3.6.0-bin\apache-maven-3.6.0\repo\commons-beanutils\commons-beanutils\1.9.3\commons-beanutils-1.9.3.jar;C:\apache-maven-3.6.0-bin\apache-maven-3.6.0\repo\commons-collections\commons-collections\3.2.2\commons-collections-3.2.2.jar;C:\apache-maven-3.6.0-bin\apache-maven-3.6.0\repo\org\apache\shiro\shiro-event\1.4.0\shiro-event-1.4.0.jar;C:\apache-maven-3.6.0-bin\apache-maven-3.6.0\repo\org\apache\shiro\shiro-web\1.4.0\shiro-web-1.4.0.jar;C:\apache-maven-3.6.0-bin\apache-maven-3.6.0\repo\net\mingsoft\shiro-freemarker-tags\1.0.0\shiro-freemarker-tags-1.0.0.jar;C:\apache-maven-3.6.0-bin\apache-maven-3.6.0\repo\org\apache\shiro\shiro-all\1.2.4\shiro-all-1.2.4.jar;C:\apache-maven-3.6.0-bin\apache-maven-3.6.0\repo\org\apache\shiro\shiro-guice\1.2.4\shiro-guice-1.2.4.jar;C:\apache-maven-3.6.0-bin\apache-maven-3.6.0\repo\com\google\inject\guice\3.0\guice-3.0.jar;C:\apache-maven-3.6.0-bin\apache-maven-3.6.0\repo\javax\inject\javax.inject\1\javax.inject-1.jar;C:\apache-maven-3.6.0-bin\apache-maven-3.6.0\repo\aopalliance\aopalliance\1.0\aopalliance-1.0.jar;C:\apache-maven-3.6.0-bin\apache-maven-3.6.0\repo\com\google\inject\extensions\guice-multibindings\3.0\guice-multibindings-3.0.jar;C:\apache-maven-3.6.0-bin\apache-maven-3.6.0\repo\org\springframework\boot\spring-boot-starter-amqp\2.0.1.RELEASE\spring-boot-starter-amqp-2.0.1.RELEASE.jar;C:\apache-maven-3.6.0-bin\apache-maven-3.6.0\repo\org\springframework\spring-messaging\5.0.5.RELEASE\spring-messaging-5.0.5.RELEASE.jar;C:\apache-maven-3.6.0-bin\apache-maven-3.6.0\repo\org\springframework\amqp\spring-rabbit\2.0.3.RELEASE\spring-rabbit-2.0.3.RELEASE.jar;C:\apache-maven-3.6.0-bin\apache-maven-3.6.0\repo\org\springframework\amqp\spring-amqp\2.0.3.RELEASE\spring-amqp-2.0.3.RELEASE.jar;C:\apache-maven-3.6.0-bin\apache-maven-3.6.0\repo\com\rabbitmq\amqp-client\5.1.2\amqp-client-5.1.2.jar;C:\apache-maven-3.6.0-bin\apache-maven-3.6.0\repo\com\rabbitmq\http-client\2.0.1.RELEASE\http-client-2.0.1.RELEASE.jar;C:\apache-maven-3.6.0-bin\apache-maven-3.6.0\repo\org\springframework\spring-webflux\5.0.5.RELEASE\spring-webflux-5.0.5.RELEASE.jar;C:\apache-maven-3.6.0-bin\apache-maven-3.6.0\repo\org\apache\httpcomponents\httpclient\4.5.5\httpclient-4.5.5.jar;C:\apache-maven-3.6.0-bin\apache-maven-3.6.0\repo\org\apache\httpcomponents\httpcore\4.4.9\httpcore-4.4.9.jar;C:\apache-maven-3.6.0-bin\apache-maven-3.6.0\repo\io\projectreactor\ipc\reactor-netty\0.7.6.RELEASE\reactor-netty-0.7.6.RELEASE.jar;C:\apache-maven-3.6.0-bin\apache-maven-3.6.0\repo\io\netty\netty-codec-http\4.1.23.Final\netty-codec-http-4.1.23.Final.jar;C:\apache-maven-3.6.0-bin\apache-maven-3.6.0\repo\io\netty\netty-handler-proxy\4.1.23.Final\netty-handler-proxy-4.1.23.Final.jar;C:\apache-maven-3.6.0-bin\apache-maven-3.6.0\repo\io\netty\netty-codec-socks\4.1.23.Final\netty-codec-socks-4.1.23.Final.jar;C:\apache-maven-3.6.0-bin\apache-maven-3.6.0\repo\io\netty\netty-transport-native-epoll\4.1.23.Final\netty-transport-native-epoll-4.1.23.Final.jar;C:\apache-maven-3.6.0-bin\apache-maven-3.6.0\repo\io\netty\netty-transport-native-unix-common\4.1.23.Final\netty-transport-native-unix-common-4.1.23.Final.jar;C:\apache-maven-3.6.0-bin\apache-maven-3.6.0\repo\org\springframework\retry\spring-retry\1.2.2.RELEASE\spring-retry-1.2.2.RELEASE.jar;C:\apache-maven-3.6.0-bin\apache-maven-3.6.0\repo\org\apache\poi\poi\3.9\poi-3.9.jar;C:\apache-maven-3.6.0-bin\apache-maven-3.6.0\repo\commons-codec\commons-codec\1.11\commons-codec-1.11.jar;C:\apache-maven-3.6.0-bin\apache-maven-3.6.0\repo\org\apache\poi\poi-ooxml\3.9\poi-ooxml-3.9.jar;C:\apache-maven-3.6.0-bin\apache-maven-3.6.0\repo\dom4j\dom4j\1.6.1\dom4j-1.6.1.jar;C:\apache-maven-3.6.0-bin\apache-maven-3.6.0\repo\xml-apis\xml-apis\1.4.01\xml-apis-1.4.01.jar;C:\apache-maven-3.6.0-bin\apache-maven-3.6.0\repo\org\apache\poi\poi-ooxml-schemas\3.9\poi-ooxml-schemas-3.9.jar;C:\apache-maven-3.6.0-bin\apache-maven-3.6.0\repo\org\apache\xmlbeans\xmlbeans\2.3.0\xmlbeans-2.3.0.jar;C:\apache-maven-3.6.0-bin\apache-maven-3.6.0\repo\stax\stax-api\1.0.1\stax-api-1.0.1.jar;"/>
    <property name="java.vm.vendor" value="Oracle Corporation"/>
    <property name="sun.arch.data.model" value="64"/>
    <property name="user.variant" value=""/>
    <property name="java.vendor.url" value="http://java.oracle.com/"/>
    <property name="user.timezone" value=""/>
    <property name="java.vm.specification.version" value="1.8"/>
    <property name="os.name" value="Windows 10"/>
    <property name="user.country" value="CN"/>
    <property name="sun.java.launcher" value="SUN_STANDARD"/>
    <property name="sun.boot.library.path" value="C:\Program Files\Java\jdk1.8.0_144\jre\bin"/>
    <property name="sun.java.command" value="C:\Users\xu_xi-pc\AppData\Local\Temp\surefire3613210684083137143\surefirebooter3855471787168510668.jar C:\Users\xu_xi-pc\AppData\Local\Temp\surefire3613210684083137143 2019-06-10T12-38-47_170-jvmRun1 surefire8361033291262246400tmp surefire_07081803836420263042tmp"/>
    <property name="surefire.test.class.path" value="C:\me\SMRRS\SpringBoot-Mysql-Redis-RabbitMQ-Shiro\MySpringBoot\target\test-classes;C:\me\SMRRS\SpringBoot-Mysql-Redis-RabbitMQ-Shiro\MySpringBoot\target\classes;C:\apache-maven-3.6.0-bin\apache-maven-3.6.0\repo\org\springframework\boot\spring-boot-starter-web\2.0.1.RELEASE\spring-boot-starter-web-2.0.1.RELEASE.jar;C:\apache-maven-3.6.0-bin\apache-maven-3.6.0\repo\org\springframework\boot\spring-boot-starter\2.0.1.RELEASE\spring-boot-starter-2.0.1.RELEASE.jar;C:\apache-maven-3.6.0-bin\apache-maven-3.6.0\repo\org\springframework\boot\spring-boot-starter-logging\2.0.1.RELEASE\spring-boot-starter-logging-2.0.1.RELEASE.jar;C:\apache-maven-3.6.0-bin\apache-maven-3.6.0\repo\ch\qos\logback\logback-classic\1.2.3\logback-classic-1.2.3.jar;C:\apache-maven-3.6.0-bin\apache-maven-3.6.0\repo\ch\qos\logback\logback-core\1.2.3\logback-core-1.2.3.jar;C:\apache-maven-3.6.0-bin\apache-maven-3.6.0\repo\org\apache\logging\log4j\log4j-to-slf4j\2.10.0\log4j-to-slf4j-2.10.0.jar;C:\apache-maven-3.6.0-bin\apache-maven-3.6.0\repo\org\apache\logging\log4j\log4j-api\2.10.0\log4j-api-2.10.0.jar;C:\apache-maven-3.6.0-bin\apache-maven-3.6.0\repo\org\slf4j\jul-to-slf4j\1.7.25\jul-to-slf4j-1.7.25.jar;C:\apache-maven-3.6.0-bin\apache-maven-3.6.0\repo\javax\annotation\javax.annotation-api\1.3.2\javax.annotation-api-1.3.2.jar;C:\apache-maven-3.6.0-bin\apache-maven-3.6.0\repo\org\yaml\snakeyaml\1.19\snakeyaml-1.19.jar;C:\apache-maven-3.6.0-bin\apache-maven-3.6.0\repo\org\springframework\boot\spring-boot-starter-json\2.0.1.RELEASE\spring-boot-starter-json-2.0.1.RELEASE.jar;C:\apache-maven-3.6.0-bin\apache-maven-3.6.0\repo\com\fasterxml\jackson\core\jackson-databind\2.9.5\jackson-databind-2.9.5.jar;C:\apache-maven-3.6.0-bin\apache-maven-3.6.0\repo\com\fasterxml\jackson\core\jackson-annotations\2.9.0\jackson-annotations-2.9.0.jar;C:\apache-maven-3.6.0-bin\apache-maven-3.6.0\repo\com\fasterxml\jackson\core\jackson-core\2.9.5\jackson-core-2.9.5.jar;C:\apache-maven-3.6.0-bin\apache-maven-3.6.0\repo\com\fasterxml\jackson\datatype\jackson-datatype-jdk8\2.9.5\jackson-datatype-jdk8-2.9.5.jar;C:\apache-maven-3.6.0-bin\apache-maven-3.6.0\repo\com\fasterxml\jackson\datatype\jackson-datatype-jsr310\2.9.5\jackson-datatype-jsr310-2.9.5.jar;C:\apache-maven-3.6.0-bin\apache-maven-3.6.0\repo\com\fasterxml\jackson\module\jackson-module-parameter-names\2.9.5\jackson-module-parameter-names-2.9.5.jar;C:\apache-maven-3.6.0-bin\apache-maven-3.6.0\repo\org\springframework\boot\spring-boot-starter-tomcat\2.0.1.RELEASE\spring-boot-starter-tomcat-2.0.1.RELEASE.jar;C:\apache-maven-3.6.0-bin\apache-maven-3.6.0\repo\org\apache\tomcat\embed\tomcat-embed-core\8.5.29\tomcat-embed-core-8.5.29.jar;C:\apache-maven-3.6.0-bin\apache-maven-3.6.0\repo\org\apache\tomcat\embed\tomcat-embed-websocket\8.5.29\tomcat-embed-websocket-8.5.29.jar;C:\apache-maven-3.6.0-bin\apache-maven-3.6.0\repo\org\hibernate\validator\hibernate-validator\6.0.9.Final\hibernate-validator-6.0.9.Final.jar;C:\apache-maven-3.6.0-bin\apache-maven-3.6.0\repo\javax\validation\validation-api\2.0.1.Final\validation-api-2.0.1.Final.jar;C:\apache-maven-3.6.0-bin\apache-maven-3.6.0\repo\org\jboss\logging\jboss-logging\3.3.2.Final\jboss-logging-3.3.2.Final.jar;C:\apache-maven-3.6.0-bin\apache-maven-3.6.0\repo\com\fasterxml\classmate\1.3.4\classmate-1.3.4.jar;C:\apache-maven-3.6.0-bin\apache-maven-3.6.0\repo\org\springframework\spring-web\5.0.5.RELEASE\spring-web-5.0.5.RELEASE.jar;C:\apache-maven-3.6.0-bin\apache-maven-3.6.0\repo\org\springframework\spring-beans\5.0.5.RELEASE\spring-beans-5.0.5.RELEASE.jar;C:\apache-maven-3.6.0-bin\apache-maven-3.6.0\repo\org\springframework\spring-webmvc\5.0.5.RELEASE\spring-webmvc-5.0.5.RELEASE.jar;C:\apache-maven-3.6.0-bin\apache-maven-3.6.0\repo\org\springframework\spring-context\5.0.5.RELEASE\spring-context-5.0.5.RELEASE.jar;C:\apache-maven-3.6.0-bin\apache-maven-3.6.0\repo\org\springframework\spring-expression\5.0.5.RELEASE\spring-expression-5.0.5.RELEASE.jar;C:\apache-maven-3.6.0-bin\apache-maven-3.6.0\repo\org\springframework\boot\spring-boot-starter-test\2.0.1.RELEASE\spring-boot-starter-test-2.0.1.RELEASE.jar;C:\apache-maven-3.6.0-bin\apache-maven-3.6.0\repo\org\springframework\boot\spring-boot-test\2.0.1.RELEASE\spring-boot-test-2.0.1.RELEASE.jar;C:\apache-maven-3.6.0-bin\apache-maven-3.6.0\repo\org\springframework\boot\spring-boot-test-autoconfigure\2.0.1.RELEASE\spring-boot-test-autoconfigure-2.0.1.RELEASE.jar;C:\apache-maven-3.6.0-bin\apache-maven-3.6.0\repo\com\jayway\jsonpath\json-path\2.4.0\json-path-2.4.0.jar;C:\apache-maven-3.6.0-bin\apache-maven-3.6.0\repo\net\minidev\json-smart\2.3\json-smart-2.3.jar;C:\apache-maven-3.6.0-bin\apache-maven-3.6.0\repo\net\minidev\accessors-smart\1.2\accessors-smart-1.2.jar;C:\apache-maven-3.6.0-bin\apache-maven-3.6.0\repo\org\ow2\asm\asm\5.0.4\asm-5.0.4.jar;C:\apache-maven-3.6.0-bin\apache-maven-3.6.0\repo\org\slf4j\slf4j-api\1.7.25\slf4j-api-1.7.25.jar;C:\apache-maven-3.6.0-bin\apache-maven-3.6.0\repo\junit\junit\4.12\junit-4.12.jar;C:\apache-maven-3.6.0-bin\apache-maven-3.6.0\repo\org\assertj\assertj-core\3.9.1\assertj-core-3.9.1.jar;C:\apache-maven-3.6.0-bin\apache-maven-3.6.0\repo\org\mockito\mockito-core\2.15.0\mockito-core-2.15.0.jar;C:\apache-maven-3.6.0-bin\apache-maven-3.6.0\repo\net\bytebuddy\byte-buddy\1.7.11\byte-buddy-1.7.11.jar;C:\apache-maven-3.6.0-bin\apache-maven-3.6.0\repo\net\bytebuddy\byte-buddy-agent\1.7.11\byte-buddy-agent-1.7.11.jar;C:\apache-maven-3.6.0-bin\apache-maven-3.6.0\repo\org\objenesis\objenesis\2.6\objenesis-2.6.jar;C:\apache-maven-3.6.0-bin\apache-maven-3.6.0\repo\org\hamcrest\hamcrest-core\1.3\hamcrest-core-1.3.jar;C:\apache-maven-3.6.0-bin\apache-maven-3.6.0\repo\org\hamcrest\hamcrest-library\1.3\hamcrest-library-1.3.jar;C:\apache-maven-3.6.0-bin\apache-maven-3.6.0\repo\org\skyscreamer\jsonassert\1.5.0\jsonassert-1.5.0.jar;C:\apache-maven-3.6.0-bin\apache-maven-3.6.0\repo\com\vaadin\external\google\android-json\0.0.20131108.vaadin1\android-json-0.0.20131108.vaadin1.jar;C:\apache-maven-3.6.0-bin\apache-maven-3.6.0\repo\org\springframework\spring-core\5.0.5.RELEASE\spring-core-5.0.5.RELEASE.jar;C:\apache-maven-3.6.0-bin\apache-maven-3.6.0\repo\org\springframework\spring-jcl\5.0.5.RELEASE\spring-jcl-5.0.5.RELEASE.jar;C:\apache-maven-3.6.0-bin\apache-maven-3.6.0\repo\org\springframework\spring-test\5.0.5.RELEASE\spring-test-5.0.5.RELEASE.jar;C:\apache-maven-3.6.0-bin\apache-maven-3.6.0\repo\org\xmlunit\xmlunit-core\2.5.1\xmlunit-core-2.5.1.jar;C:\apache-maven-3.6.0-bin\apache-maven-3.6.0\repo\org\springframework\boot\spring-boot-devtools\2.0.1.RELEASE\spring-boot-devtools-2.0.1.RELEASE.jar;C:\apache-maven-3.6.0-bin\apache-maven-3.6.0\repo\org\springframework\boot\spring-boot\2.0.1.RELEASE\spring-boot-2.0.1.RELEASE.jar;C:\apache-maven-3.6.0-bin\apache-maven-3.6.0\repo\org\springframework\boot\spring-boot-autoconfigure\2.0.1.RELEASE\spring-boot-autoconfigure-2.0.1.RELEASE.jar;C:\apache-maven-3.6.0-bin\apache-maven-3.6.0\repo\org\springframework\boot\spring-boot-starter-freemarker\2.0.1.RELEASE\spring-boot-starter-freemarker-2.0.1.RELEASE.jar;C:\apache-maven-3.6.0-bin\apache-maven-3.6.0\repo\org\freemarker\freemarker\2.3.28\freemarker-2.3.28.jar;C:\apache-maven-3.6.0-bin\apache-maven-3.6.0\repo\org\springframework\spring-context-support\5.0.5.RELEASE\spring-context-support-5.0.5.RELEASE.jar;C:\apache-maven-3.6.0-bin\apache-maven-3.6.0\repo\org\webjars\jquery\3.3.1-1\jquery-3.3.1-1.jar;C:\apache-maven-3.6.0-bin\apache-maven-3.6.0\repo\org\mybatis\spring\boot\mybatis-spring-boot-starter\1.3.2\mybatis-spring-boot-starter-1.3.2.jar;C:\apache-maven-3.6.0-bin\apache-maven-3.6.0\repo\org\springframework\boot\spring-boot-starter-jdbc\2.0.1.RELEASE\spring-boot-starter-jdbc-2.0.1.RELEASE.jar;C:\apache-maven-3.6.0-bin\apache-maven-3.6.0\repo\com\zaxxer\HikariCP\2.7.8\HikariCP-2.7.8.jar;C:\apache-maven-3.6.0-bin\apache-maven-3.6.0\repo\org\springframework\spring-jdbc\5.0.5.RELEASE\spring-jdbc-5.0.5.RELEASE.jar;C:\apache-maven-3.6.0-bin\apache-maven-3.6.0\repo\org\mybatis\spring\boot\mybatis-spring-boot-autoconfigure\1.3.2\mybatis-spring-boot-autoconfigure-1.3.2.jar;C:\apache-maven-3.6.0-bin\apache-maven-3.6.0\repo\org\mybatis\mybatis\3.4.6\mybatis-3.4.6.jar;C:\apache-maven-3.6.0-bin\apache-maven-3.6.0\repo\org\mybatis\mybatis-spring\1.3.2\mybatis-spring-1.3.2.jar;C:\apache-maven-3.6.0-bin\apache-maven-3.6.0\repo\com\alibaba\druid\1.1.9\druid-1.1.9.jar;C:\apache-maven-3.6.0-bin\apache-maven-3.6.0\repo\log4j\log4j\1.2.17\log4j-1.2.17.jar;C:\apache-maven-3.6.0-bin\apache-maven-3.6.0\repo\mysql\mysql-connector-java\5.1.46\mysql-connector-java-5.1.46.jar;C:\apache-maven-3.6.0-bin\apache-maven-3.6.0\repo\org\springframework\boot\spring-boot-starter-aop\2.0.1.RELEASE\spring-boot-starter-aop-2.0.1.RELEASE.jar;C:\apache-maven-3.6.0-bin\apache-maven-3.6.0\repo\org\springframework\spring-aop\5.0.5.RELEASE\spring-aop-5.0.5.RELEASE.jar;C:\apache-maven-3.6.0-bin\apache-maven-3.6.0\repo\org\aspectj\aspectjweaver\1.8.13\aspectjweaver-1.8.13.jar;C:\apache-maven-3.6.0-bin\apache-maven-3.6.0\repo\org\springframework\boot\spring-boot-configuration-processor\2.0.1.RELEASE\spring-boot-configuration-processor-2.0.1.RELEASE.jar;C:\apache-maven-3.6.0-bin\apache-maven-3.6.0\repo\com\github\pagehelper\pagehelper-spring-boot-starter\1.2.5\pagehelper-spring-boot-starter-1.2.5.jar;C:\apache-maven-3.6.0-bin\apache-maven-3.6.0\repo\com\github\pagehelper\pagehelper-spring-boot-autoconfigure\1.2.5\pagehelper-spring-boot-autoconfigure-1.2.5.jar;C:\apache-maven-3.6.0-bin\apache-maven-3.6.0\repo\com\github\pagehelper\pagehelper\5.1.4\pagehelper-5.1.4.jar;C:\apache-maven-3.6.0-bin\apache-maven-3.6.0\repo\com\github\jsqlparser\jsqlparser\1.0\jsqlparser-1.0.jar;C:\apache-maven-3.6.0-bin\apache-maven-3.6.0\repo\redis\clients\jedis\2.9.0\jedis-2.9.0.jar;C:\apache-maven-3.6.0-bin\apache-maven-3.6.0\repo\org\apache\commons\commons-pool2\2.5.0\commons-pool2-2.5.0.jar;C:\apache-maven-3.6.0-bin\apache-maven-3.6.0\repo\org\springframework\boot\spring-boot-starter-data-redis\2.0.1.RELEASE\spring-boot-starter-data-redis-2.0.1.RELEASE.jar;C:\apache-maven-3.6.0-bin\apache-maven-3.6.0\repo\org\springframework\data\spring-data-redis\2.0.6.RELEASE\spring-data-redis-2.0.6.RELEASE.jar;C:\apache-maven-3.6.0-bin\apache-maven-3.6.0\repo\org\springframework\data\spring-data-keyvalue\2.0.6.RELEASE\spring-data-keyvalue-2.0.6.RELEASE.jar;C:\apache-maven-3.6.0-bin\apache-maven-3.6.0\repo\org\springframework\data\spring-data-commons\2.0.6.RELEASE\spring-data-commons-2.0.6.RELEASE.jar;C:\apache-maven-3.6.0-bin\apache-maven-3.6.0\repo\org\springframework\spring-tx\5.0.5.RELEASE\spring-tx-5.0.5.RELEASE.jar;C:\apache-maven-3.6.0-bin\apache-maven-3.6.0\repo\org\springframework\spring-oxm\5.0.5.RELEASE\spring-oxm-5.0.5.RELEASE.jar;C:\apache-maven-3.6.0-bin\apache-maven-3.6.0\repo\io\lettuce\lettuce-core\5.0.3.RELEASE\lettuce-core-5.0.3.RELEASE.jar;C:\apache-maven-3.6.0-bin\apache-maven-3.6.0\repo\io\projectreactor\reactor-core\3.1.6.RELEASE\reactor-core-3.1.6.RELEASE.jar;C:\apache-maven-3.6.0-bin\apache-maven-3.6.0\repo\org\reactivestreams\reactive-streams\1.0.2\reactive-streams-1.0.2.jar;C:\apache-maven-3.6.0-bin\apache-maven-3.6.0\repo\io\netty\netty-common\4.1.23.Final\netty-common-4.1.23.Final.jar;C:\apache-maven-3.6.0-bin\apache-maven-3.6.0\repo\io\netty\netty-transport\4.1.23.Final\netty-transport-4.1.23.Final.jar;C:\apache-maven-3.6.0-bin\apache-maven-3.6.0\repo\io\netty\netty-buffer\4.1.23.Final\netty-buffer-4.1.23.Final.jar;C:\apache-maven-3.6.0-bin\apache-maven-3.6.0\repo\io\netty\netty-resolver\4.1.23.Final\netty-resolver-4.1.23.Final.jar;C:\apache-maven-3.6.0-bin\apache-maven-3.6.0\repo\io\netty\netty-handler\4.1.23.Final\netty-handler-4.1.23.Final.jar;C:\apache-maven-3.6.0-bin\apache-maven-3.6.0\repo\io\netty\netty-codec\4.1.23.Final\netty-codec-4.1.23.Final.jar;C:\apache-maven-3.6.0-bin\apache-maven-3.6.0\repo\com\alibaba\fastjson\1.2.47\fastjson-1.2.47.jar;C:\apache-maven-3.6.0-bin\apache-maven-3.6.0\repo\org\springframework\boot\spring-boot-starter-validation\2.0.1.RELEASE\spring-boot-starter-validation-2.0.1.RELEASE.jar;C:\apache-maven-3.6.0-bin\apache-maven-3.6.0\repo\org\apache\tomcat\embed\tomcat-embed-el\8.5.29\tomcat-embed-el-8.5.29.jar;C:\apache-maven-3.6.0-bin\apache-maven-3.6.0\repo\org\apache\commons\commons-lang3\3.7\commons-lang3-3.7.jar;C:\apache-maven-3.6.0-bin\apache-maven-3.6.0\repo\org\apache\shiro\shiro-spring\1.4.0\shiro-spring-1.4.0.jar;C:\apache-maven-3.6.0-bin\apache-maven-3.6.0\repo\org\apache\shiro\shiro-core\1.4.0\shiro-core-1.4.0.jar;C:\apache-maven-3.6.0-bin\apache-maven-3.6.0\repo\org\apache\shiro\shiro-lang\1.4.0\shiro-lang-1.4.0.jar;C:\apache-maven-3.6.0-bin\apache-maven-3.6.0\repo\org\apache\shiro\shiro-cache\1.4.0\shiro-cache-1.4.0.jar;C:\apache-maven-3.6.0-bin\apache-maven-3.6.0\repo\org\apache\shiro\shiro-crypto-hash\1.4.0\shiro-crypto-hash-1.4.0.jar;C:\apache-maven-3.6.0-bin\apache-maven-3.6.0\repo\org\apache\shiro\shiro-crypto-core\1.4.0\shiro-crypto-core-1.4.0.jar;C:\apache-maven-3.6.0-bin\apache-maven-3.6.0\repo\org\apache\shiro\shiro-crypto-cipher\1.4.0\shiro-crypto-cipher-1.4.0.jar;C:\apache-maven-3.6.0-bin\apache-maven-3.6.0\repo\org\apache\shiro\shiro-config-core\1.4.0\shiro-config-core-1.4.0.jar;C:\apache-maven-3.6.0-bin\apache-maven-3.6.0\repo\org\apache\shiro\shiro-config-ogdl\1.4.0\shiro-config-ogdl-1.4.0.jar;C:\apache-maven-3.6.0-bin\apache-maven-3.6.0\repo\commons-beanutils\commons-beanutils\1.9.3\commons-beanutils-1.9.3.jar;C:\apache-maven-3.6.0-bin\apache-maven-3.6.0\repo\commons-collections\commons-collections\3.2.2\commons-collections-3.2.2.jar;C:\apache-maven-3.6.0-bin\apache-maven-3.6.0\repo\org\apache\shiro\shiro-event\1.4.0\shiro-event-1.4.0.jar;C:\apache-maven-3.6.0-bin\apache-maven-3.6.0\repo\org\apache\shiro\shiro-web\1.4.0\shiro-web-1.4.0.jar;C:\apache-maven-3.6.0-bin\apache-maven-3.6.0\repo\net\mingsoft\shiro-freemarker-tags\1.0.0\shiro-freemarker-tags-1.0.0.jar;C:\apache-maven-3.6.0-bin\apache-maven-3.6.0\repo\org\apache\shiro\shiro-all\1.2.4\shiro-all-1.2.4.jar;C:\apache-maven-3.6.0-bin\apache-maven-3.6.0\repo\org\apache\shiro\shiro-guice\1.2.4\shiro-guice-1.2.4.jar;C:\apache-maven-3.6.0-bin\apache-maven-3.6.0\repo\com\google\inject\guice\3.0\guice-3.0.jar;C:\apache-maven-3.6.0-bin\apache-maven-3.6.0\repo\javax\inject\javax.inject\1\javax.inject-1.jar;C:\apache-maven-3.6.0-bin\apache-maven-3.6.0\repo\aopalliance\aopalliance\1.0\aopalliance-1.0.jar;C:\apache-maven-3.6.0-bin\apache-maven-3.6.0\repo\com\google\inject\extensions\guice-multibindings\3.0\guice-multibindings-3.0.jar;C:\apache-maven-3.6.0-bin\apache-maven-3.6.0\repo\org\springframework\boot\spring-boot-starter-amqp\2.0.1.RELEASE\spring-boot-starter-amqp-2.0.1.RELEASE.jar;C:\apache-maven-3.6.0-bin\apache-maven-3.6.0\repo\org\springframework\spring-messaging\5.0.5.RELEASE\spring-messaging-5.0.5.RELEASE.jar;C:\apache-maven-3.6.0-bin\apache-maven-3.6.0\repo\org\springframework\amqp\spring-rabbit\2.0.3.RELEASE\spring-rabbit-2.0.3.RELEASE.jar;C:\apache-maven-3.6.0-bin\apache-maven-3.6.0\repo\org\springframework\amqp\spring-amqp\2.0.3.RELEASE\spring-amqp-2.0.3.RELEASE.jar;C:\apache-maven-3.6.0-bin\apache-maven-3.6.0\repo\com\rabbitmq\amqp-client\5.1.2\amqp-client-5.1.2.jar;C:\apache-maven-3.6.0-bin\apache-maven-3.6.0\repo\com\rabbitmq\http-client\2.0.1.RELEASE\http-client-2.0.1.RELEASE.jar;C:\apache-maven-3.6.0-bin\apache-maven-3.6.0\repo\org\springframework\spring-webflux\5.0.5.RELEASE\spring-webflux-5.0.5.RELEASE.jar;C:\apache-maven-3.6.0-bin\apache-maven-3.6.0\repo\org\apache\httpcomponents\httpclient\4.5.5\httpclient-4.5.5.jar;C:\apache-maven-3.6.0-bin\apache-maven-3.6.0\repo\org\apache\httpcomponents\httpcore\4.4.9\httpcore-4.4.9.jar;C:\apache-maven-3.6.0-bin\apache-maven-3.6.0\repo\io\projectreactor\ipc\reactor-netty\0.7.6.RELEASE\reactor-netty-0.7.6.RELEASE.jar;C:\apache-maven-3.6.0-bin\apache-maven-3.6.0\repo\io\netty\netty-codec-http\4.1.23.Final\netty-codec-http-4.1.23.Final.jar;C:\apache-maven-3.6.0-bin\apache-maven-3.6.0\repo\io\netty\netty-handler-proxy\4.1.23.Final\netty-handler-proxy-4.1.23.Final.jar;C:\apache-maven-3.6.0-bin\apache-maven-3.6.0\repo\io\netty\netty-codec-socks\4.1.23.Final\netty-codec-socks-4.1.23.Final.jar;C:\apache-maven-3.6.0-bin\apache-maven-3.6.0\repo\io\netty\netty-transport-native-epoll\4.1.23.Final\netty-transport-native-epoll-4.1.23.Final.jar;C:\apache-maven-3.6.0-bin\apache-maven-3.6.0\repo\io\netty\netty-transport-native-unix-common\4.1.23.Final\netty-transport-native-unix-common-4.1.23.Final.jar;C:\apache-maven-3.6.0-bin\apache-maven-3.6.0\repo\org\springframework\retry\spring-retry\1.2.2.RELEASE\spring-retry-1.2.2.RELEASE.jar;C:\apache-maven-3.6.0-bin\apache-maven-3.6.0\repo\org\apache\poi\poi\3.9\poi-3.9.jar;C:\apache-maven-3.6.0-bin\apache-maven-3.6.0\repo\commons-codec\commons-codec\1.11\commons-codec-1.11.jar;C:\apache-maven-3.6.0-bin\apache-maven-3.6.0\repo\org\apache\poi\poi-ooxml\3.9\poi-ooxml-3.9.jar;C:\apache-maven-3.6.0-bin\apache-maven-3.6.0\repo\dom4j\dom4j\1.6.1\dom4j-1.6.1.jar;C:\apache-maven-3.6.0-bin\apache-maven-3.6.0\repo\xml-apis\xml-apis\1.4.01\xml-apis-1.4.01.jar;C:\apache-maven-3.6.0-bin\apache-maven-3.6.0\repo\org\apache\poi\poi-ooxml-schemas\3.9\poi-ooxml-schemas-3.9.jar;C:\apache-maven-3.6.0-bin\apache-maven-3.6.0\repo\org\apache\xmlbeans\xmlbeans\2.3.0\xmlbeans-2.3.0.jar;C:\apache-maven-3.6.0-bin\apache-maven-3.6.0\repo\stax\stax-api\1.0.1\stax-api-1.0.1.jar;"/>
    <property name="sun.cpu.endian" value="little"/>
    <property name="user.home" value="C:\Users\xu_xi-pc"/>
    <property name="user.language" value="zh"/>
    <property name="java.specification.vendor" value="Oracle Corporation"/>
    <property name="java.home" value="C:\Program Files\Java\jdk1.8.0_144\jre"/>
    <property name="basedir" value="C:\me\SMRRS\SpringBoot-Mysql-Redis-RabbitMQ-Shiro\MySpringBoot"/>
    <property name="file.separator" value="\"/>
    <property name="line.separator" value="&#10;"/>
    <property name="java.vm.specification.vendor" value="Oracle Corporation"/>
    <property name="java.specification.name" value="Java Platform API Specification"/>
    <property name="java.awt.graphicsenv" value="sun.awt.Win32GraphicsEnvironment"/>
    <property name="surefire.real.class.path" value="C:\Users\xu_xi-pc\AppData\Local\Temp\surefire3613210684083137143\surefirebooter3855471787168510668.jar"/>
    <property name="sun.boot.class.path" value="C:\Program Files\Java\jdk1.8.0_144\jre\lib\resources.jar;C:\Program Files\Java\jdk1.8.0_144\jre\lib\rt.jar;C:\Program Files\Java\jdk1.8.0_144\jre\lib\sunrsasign.jar;C:\Program Files\Java\jdk1.8.0_144\jre\lib\jsse.jar;C:\Program Files\Java\jdk1.8.0_144\jre\lib\jce.jar;C:\Program Files\Java\jdk1.8.0_144\jre\lib\charsets.jar;C:\Program Files\Java\jdk1.8.0_144\jre\lib\jfr.jar;C:\Program Files\Java\jdk1.8.0_144\jre\classes"/>
    <property name="user.script" value=""/>
    <property name="sun.management.compiler" value="HotSpot 64-Bit Tiered Compilers"/>
    <property name="java.runtime.version" value="1.8.0_144-b01"/>
    <property name="user.name" value="xu_xi-pc"/>
    <property name="path.separator" value=";"/>
    <property name="os.version" value="10.0"/>
    <property name="java.endorsed.dirs" value="C:\Program Files\Java\jdk1.8.0_144\jre\lib\endorsed"/>
    <property name="java.runtime.name" value="Java(TM) SE Runtime Environment"/>
    <property name="file.encoding" value="GBK"/>
    <property name="java.vm.name" value="Java HotSpot(TM) 64-Bit Server VM"/>
    <property name="localRepository" value="C:\apache-maven-3.6.0-bin\apache-maven-3.6.0\repo"/>
    <property name="java.vendor.url.bug" value="http://bugreport.sun.com/bugreport/"/>
    <property name="java.io.tmpdir" value="C:\Users\xu_xi-pc\AppData\Local\Temp\"/>
    <property name="java.version" value="1.8.0_144"/>
    <property name="user.dir" value="C:\me\SMRRS\SpringBoot-Mysql-Redis-RabbitMQ-Shiro\MySpringBoot"/>
    <property name="os.arch" value="amd64"/>
    <property name="java.vm.specification.name" value="Java Virtual Machine Specification"/>
    <property name="java.awt.printerjob" value="sun.awt.windows.WPrinterJob"/>
    <property name="sun.os.patch.level" value=""/>
    <property name="java.library.path" value="C:\Program Files\Java\jdk1.8.0_144\jre\bin;C:\WINDOWS\Sun\Java\bin;C:\WINDOWS\system32;C:\WINDOWS;C:\ProgramData\DockerDesktop\version-bin;C:\Program Files\Docker\Docker\Resources\bin;C:\ProgramData\Oracle\Java\javapath;C:\WINDOWS\system32;C:\WINDOWS;C:\WINDOWS\System32\Wbem;C:\WINDOWS\System32\WindowsPowerShell\v1.0\;C:\Program Files\Java\jdk1.8.0_144\bin;C:\Program Files\Java\jdk1.8.0_144\jre\bin;C:\Program Files\Git\cmd;C:\WINDOWS\System32\OpenSSH\;C:\apache-maven-3.6.0-bin\apache-maven-3.6.0\bin\;C:\mysql-5.7.24-winx64\mysql-5.7.24-winx64\bin;C:\Program Files\erl10.1\bin;C:\zookeeper-3.4.9\bin;C:\Program Files\nodejs\;C:\Users\xu_xi-pc\AppData\Local\Microsoft\WindowsApps;;."/>
    <property name="java.vm.info" value="mixed mode"/>
    <property name="java.vendor" value="Oracle Corporation"/>
    <property name="java.vm.version" value="25.144-b01"/>
    <property name="java.ext.dirs" value="C:\Program Files\Java\jdk1.8.0_144\jre\lib\ext;C:\WINDOWS\Sun\Java\lib\ext"/>
    <property name="sun.io.unicode.encoding" value="UnicodeLittle"/>
    <property name="java.class.version" value="52.0"/>
  </properties>
  <testcase name="initializationError" classname="com.shanghai.modules.MySpringBootApplicationTests" time="0.005">
    <error message="No runnable methods" type="java.lang.Exception">java.lang.Exception: No runnable methods
</error>
  </testcase>
</testsuite>